<?xml version="1.0" encoding="UTF-8"?>
<testsuite name="com.bridgelabz.InvoiceServiceTest" tests="1" skipped="0" failures="0" errors="0" timestamp="2021-06-17T16:32:54" hostname="DELL" time="0.01">
  <properties/>
  <testcase name="given_DistanceAnd_Time_Should_Return_TotalFare" classname="com.bridgelabz.InvoiceServiceTest" time="0.01"/>
  <system-out><![CDATA[]]></system-out>
  <system-err><![CDATA[]]></system-err>
</testsuite>
