<?xml version="1.0" encoding="UTF-8"?>
<testsuite name="com.bridgelabz.InvoiceServiceTest" tests="1" skipped="0" failures="0" errors="0" timestamp="2021-06-18T06:49:16" hostname="DELL" time="0.006">
  <properties/>
  <testcase name="given_Multiple_Rides_Should_ReturnInvoiceSummary" classname="com.bridgelabz.InvoiceServiceTest" time="0.006"/>
  <system-out><![CDATA[]]></system-out>
  <system-err><![CDATA[]]></system-err>
</testsuite>
